C51 COMPILER V8.08   8X8X8                                                                 05/13/2018 16:40:33 PAGE 1   


C51 COMPILER V8.08, COMPILATION OF MODULE 8X8X8
OBJECT MODULE PLACED IN 8X8X8.OBJ
COMPILER INVOKED BY: F:\applecation E\kell\C51\BIN\C51.EXE 8X8X8.c COMPACT OPTIMIZE(8,SPEED) BROWSE DEBUG OBJECTEXTEND

line level    source

   1          #include "REG52.H"
   2          #include "intrins.h"
   3          #include "config.h"
   4          #include "math.h"
   5          #include "delay.h"
   6          #include "flash.h"
   7          
   8          
   9          
  10          void main()
  11          
  12          {
  13   1                      
  14   1              sinter();
*** WARNING C206 IN LINE 14 OF 8X8X8.C: 'sinter': missing function-prototype
  15   1              
  16   1              while(1){
  17   2                                 
  18   2              // clear(0);
  19   2      
  20   2              /*play list*/
  21   2      
  22   2              //flash_1();
  23   2      
  24   2      //              clear(2);
  25   2      //              trailler(10);
  26   2                      while(1){
  27   3                              clear(0);
  28   3                              tranoutchar(0,8000);
  29   3                              delay(40000);
  30   3                              tranoutchar(2,8000);
  31   3                              delay(40000);
  32   3                      }
  33   2      //              trailler(10);
  34   2                      
  35   2      
  36   2              }
  37   1      
  38   1      }


MODULE INFORMATION:   STATIC OVERLAYABLE
   CODE SIZE        =     42    ----
   CONSTANT SIZE    =   ----    ----
   XDATA SIZE       =   ----    ----
   PDATA SIZE       =   ----    ----
   DATA SIZE        =   ----    ----
   IDATA SIZE       =   ----    ----
   BIT SIZE         =   ----    ----
END OF MODULE INFORMATION.


C51 COMPILATION COMPLETE.  1 WARNING(S),  0 ERROR(S)
