C51 COMPILER V8.08   CONFIG                                                                05/13/2018 16:40:33 PAGE 1   


C51 COMPILER V8.08, COMPILATION OF MODULE CONFIG
OBJECT MODULE PLACED IN config.OBJ
COMPILER INVOKED BY: F:\applecation E\kell\C51\BIN\C51.EXE config.c COMPACT OPTIMIZE(8,SPEED) BROWSE DEBUG OBJECTEXTEND

line level    source

   1          #include "config.h"
   2          #include "REG52.h"
   3          #include "delay.h"
   4          
   5          uchar num[8]={0x01,0x02,0x04,0x08,0x10,0x20,0x40,0x80};
   6          
   7          uchar display[8][8];
   8          
   9          /*rank:A,1,2,3,4,I,ÐÄ,U*/
  10          
  11          uchar code table_cha[8][8]={0x18,0x24,0x20,0x28,0x34,0x24,0x34,0x8,
  12                                                                  0x18,0x1c,0x18,0x18,0x18,0x18,0x18,0x3c,
  13                                                                  0x3c,0x66,0x66,0x30,0x18,0xc,0x6,0xf6,
  14                                                                  0x3c,0x66,0x60,0x38,0x60,0x60,0x66,0x3c,
  15                                                                  0x30,0x38,0x3c,0x3e,0x36,0x7e,0x30,0x30,
  16                                                                  0x3c,0x3c,0x18,0x18,0x18,0x18,0x3c,0x3c,
  17                                                                  0x66,0xff,0xff,0xff,0x7e,0x3c,0x18,0x18,
  18                                                                  0x66,0x66,0x66,0x66,0x66,0x66,0x7e,0x3c};
  19          
  20          /*the "ideasoft"*/
  21          
  22          uchar code table_id[40]={0x81,0xff,0x81,0x00,0xff,0x81,0x81,0x7e,0x00,0xff,0x89,0x89,0x00,0xf8,0x27,0x27,0
             -xf8,0x00,0x8f,0x89,0x89,0xf9,0x00,0xff,0x81,0x81,0xff,0x00,0xff,0x09,0x09,0x09,0x01,0x0,0x01,0x01,0xff,0x01,0x01,0x00};
  23          
  24          /*railway*/
  25          
  26          uchar code dat[128]={0x0,0x20,0x40,0x60,0x80,0xa0,0xc0,0xe0,0xe4,0xe8,0xec,0xf0,0xf4,0xf8,0xfc,0xdc,0xbc,0
             -x9c,0x7c,0x5c,0x3c,0x1c,0x18,0x14,0x10,0xc,0x8,0x4,0x25,0x45,0x65,0x85,0xa5,0xc5,0xc9,0xcd,0xd1,0xd5,0xd9,0xb9,0x99,0x79
             -,0x59,0x39,0x35,0x31,0x2d,0x29,0x4a,0x6a,0x8a,0xaa,0xae,0xb2,0xb6,0x96,0x76,0x56,0x52,0x4e,0x6f,0x8f,0x93,0x73,0x6f,0x8f
             -,0x93,0x73,0x4a,0x6a,0x8a,0xaa,0xae,0xb2,0xb6,0x96,0x76,0x56,0x52,0x4e,0x25,0x45,0x65,0x85,0xa5,0xc5,0xc9,0xcd,0xd1,0xd5
             -,0xd9,0xb9,0x99,0x79,0x59,0x39,0x35,0x31,0x2d,0x29,0x0,0x20,0x40,0x60,0x80,0xa0,0xc0,0xe0,0xe4,0xe8,0xec,0xf0,0xf4,0xf8,
             -0xfc,0xdc,0xbc,0x9c,0x7c,0x5c,0x3c,0x1c,0x18,0x14,0x10,0xc,0x8,0x4};
  27          
  28          /*railway 2*/
  29          
  30          uchar code dat2[28]={0x0,0x20,0x40,0x60,0x80,0xa0,0xc0,0xe0,0xe4,0xe8,0xec,0xf0,0xf4,0xf8,0xfc,0xdc,0xbc,0
             -x9c,0x7c,0x5c,0x3c,0x1c,0x18,0x14,0x10,0xc,0x8,0x4};
  31          
  32          /*railway 3*/
  33          
  34          uchar code dat3[24]={0x00,0x01,0x02,0x03,0x04,0x05,0x06,0x16,0x26,0x36,0x46,0x56,0x66,0x65,0x64,0x63,0x62,
             -0x61,0x60,0x50,0x40,0x30,0x20,0x10};
  35          
  36          /*3p char*/
  37          
  38          uchar code table_3p[3][8]={0xff,0x89,0xf5,0x93,0x93,0xf5,0x89,0xff,0x0e,0x1f,0x3f,0x7e,0x7e,0x3f,0x1f,0x0e
             -,0x18,0x3c,0x7e,0xff,0x18,0x18,0x18,0x18};
  39          
  40          /*initializtion
  41          
  42          That is to initialize the program .
  43          
  44          It is write to set the timer in c52 mcu.
  45          
  46          So the program can renovate the led_3d_cube in fixed time use the interrupt function.*/
C51 COMPILER V8.08   CONFIG                                                                05/13/2018 16:40:33 PAGE 2   

  47          
  48          void sinter()
  49          
  50          {
  51   1      
  52   1               IE=0x82;
  53   1      
  54   1               TCON=0x01;
  55   1      
  56   1               TH0=0xc0;
  57   1      
  58   1               TL0=0;
  59   1      
  60   1               TR0=1;
  61   1      
  62   1      }
  63          
  64          
  65          void print() interrupt 1
  66          
  67          {
  68   1      
  69   1               uchar i;
  70   1               static uchar layer=0;
  71   1               P1=0;
  72   1               for (i=0;i<8;i++){
  73   2                    P2=1<<i;
  74   2                    delay(3);
  75   2                    P0=display[layer][i];
  76   2                    delay(3);
  77   2               }
  78   1      
  79   1               P1=1<<layer;
  80   1               if (layer<7) 
  81   1                   layer++;
  82   1               else 
  83   1                   layer=0;
  84   1      
  85   1               TH0=0xc0;
  86   1      
  87   1               TL0=0;
  88   1      
  89   1      }
  90          


MODULE INFORMATION:   STATIC OVERLAYABLE
   CODE SIZE        =    177    ----
   CONSTANT SIZE    =    308    ----
   XDATA SIZE       =   ----    ----
   PDATA SIZE       =     73       1
   DATA SIZE        =   ----    ----
   IDATA SIZE       =   ----    ----
   BIT SIZE         =   ----    ----
END OF MODULE INFORMATION.


C51 COMPILATION COMPLETE.  0 WARNING(S),  0 ERROR(S)
